C:\Users\lindx\.m2\repository\org\springframework\boot\spring-boot-starter-web\1.5.9.RELEASE\spring-boot-starter-web-1.5.9.RELEASE.jar
C:\Users\lindx\.m2\repository\org\springframework\boot\spring-boot-starter\1.5.9.RELEASE\spring-boot-starter-1.5.9.RELEASE.jar
C:\Users\lindx\.m2\repository\org\springframework\boot\spring-boot\1.5.9.RELEASE\spring-boot-1.5.9.RELEASE.jar
C:\Users\lindx\.m2\repository\org\springframework\boot\spring-boot-autoconfigure\1.5.9.RELEASE\spring-boot-autoconfigure-1.5.9.RELEASE.jar
C:\Users\lindx\.m2\repository\org\springframework\boot\spring-boot-starter-logging\1.5.9.RELEASE\spring-boot-starter-logging-1.5.9.RELEASE.jar
C:\Users\lindx\.m2\repository\ch\qos\logback\logback-classic\1.1.11\logback-classic-1.1.11.jar
C:\Users\lindx\.m2\repository\ch\qos\logback\logback-core\1.1.11\logback-core-1.1.11.jar
C:\Users\lindx\.m2\repository\org\slf4j\jcl-over-slf4j\1.7.25\jcl-over-slf4j-1.7.25.jar
C:\Users\lindx\.m2\repository\org\slf4j\jul-to-slf4j\1.7.25\jul-to-slf4j-1.7.25.jar
C:\Users\lindx\.m2\repository\org\yaml\snakeyaml\1.17\snakeyaml-1.17.jar
C:\Users\lindx\.m2\repository\org\springframework\boot\spring-boot-starter-tomcat\1.5.9.RELEASE\spring-boot-starter-tomcat-1.5.9.RELEASE.jar
C:\Users\lindx\.m2\repository\org\apache\tomcat\embed\tomcat-embed-core\8.5.23\tomcat-embed-core-8.5.23.jar
C:\Users\lindx\.m2\repository\org\apache\tomcat\tomcat-annotations-api\8.5.23\tomcat-annotations-api-8.5.23.jar
C:\Users\lindx\.m2\repository\org\apache\tomcat\embed\tomcat-embed-el\8.5.23\tomcat-embed-el-8.5.23.jar
C:\Users\lindx\.m2\repository\org\apache\tomcat\embed\tomcat-embed-websocket\8.5.23\tomcat-embed-websocket-8.5.23.jar
C:\Users\lindx\.m2\repository\org\hibernate\hibernate-validator\5.3.6.Final\hibernate-validator-5.3.6.Final.jar
C:\Users\lindx\.m2\repository\javax\validation\validation-api\1.1.0.Final\validation-api-1.1.0.Final.jar
C:\Users\lindx\.m2\repository\org\jboss\logging\jboss-logging\3.3.1.Final\jboss-logging-3.3.1.Final.jar
C:\Users\lindx\.m2\repository\com\fasterxml\classmate\1.3.4\classmate-1.3.4.jar
C:\Users\lindx\.m2\repository\com\fasterxml\jackson\core\jackson-databind\2.8.10\jackson-databind-2.8.10.jar
C:\Users\lindx\.m2\repository\org\springframework\spring-web\4.3.13.RELEASE\spring-web-4.3.13.RELEASE.jar
C:\Users\lindx\.m2\repository\org\springframework\spring-webmvc\4.3.13.RELEASE\spring-webmvc-4.3.13.RELEASE.jar
C:\Users\lindx\.m2\repository\org\springframework\boot\spring-boot-starter-web-services\1.5.9.RELEASE\spring-boot-starter-web-services-1.5.9.RELEASE.jar
C:\Users\lindx\.m2\repository\org\springframework\spring-oxm\4.3.13.RELEASE\spring-oxm-4.3.13.RELEASE.jar
C:\Users\lindx\.m2\repository\org\springframework\ws\spring-ws-core\2.4.2.RELEASE\spring-ws-core-2.4.2.RELEASE.jar
C:\Users\lindx\.m2\repository\org\springframework\ws\spring-xml\2.4.2.RELEASE\spring-xml-2.4.2.RELEASE.jar
C:\Users\lindx\.m2\repository\org\springframework\spring-context-support\4.3.13.RELEASE\spring-context-support-4.3.13.RELEASE.jar
C:\Users\lindx\.m2\repository\org\springframework\spring-beans\4.3.13.RELEASE\spring-beans-4.3.13.RELEASE.jar
C:\Users\lindx\.m2\repository\org\springframework\spring-context\4.3.13.RELEASE\spring-context-4.3.13.RELEASE.jar
C:\Users\lindx\.m2\repository\org\springframework\spring-core\4.3.13.RELEASE\spring-core-4.3.13.RELEASE.jar
C:\Users\lindx\.m2\repository\ailk\easyframe\common-web\2.2.0-RELEASE\common-web-2.2.0-RELEASE.jar
C:\Users\lindx\.m2\repository\org\apache\httpcomponents\httpclient\4.5.3\httpclient-4.5.3.jar
C:\Users\lindx\.m2\repository\org\apache\httpcomponents\httpcore\4.4.8\httpcore-4.4.8.jar
C:\Users\lindx\.m2\repository\ailk\easyframe\common-orm-ext\2.2.0-RELEASE\common-orm-ext-2.2.0-RELEASE.jar
C:\Users\lindx\.m2\repository\org\apache\commons-httpclient\3.1\commons-httpclient-3.1.jar
C:\Users\lindx\.m2\repository\ailk\easyframe\zookeeper-support\2.2.0-RELEASE\zookeeper-support-2.2.0-RELEASE.jar
C:\Users\lindx\.m2\repository\org\apache\zookeeper\zookeeper\3.4.5\zookeeper-3.4.5.jar
C:\Users\lindx\.m2\repository\jline\jline\0.9.94\jline-0.9.94.jar
C:\Users\lindx\.m2\repository\org\jboss\netty\netty\3.2.2.Final\netty-3.2.2.Final.jar
C:\Users\lindx\.m2\repository\ailk\easyframe\jef-core\1.8.2-RELEASE\jef-core-1.8.2-RELEASE.jar
C:\Users\lindx\.m2\repository\org\mozilla\rhino\1.7R2\rhino-1.7R2.jar
C:\Users\lindx\.m2\repository\net\sf\luaj\luaj-jse\2.0.2-ailk-SNAPSHOT\luaj-jse-2.0.2-ailk-SNAPSHOT.jar
C:\Users\lindx\.m2\repository\bcel\bcel\5.0\bcel-5.0.jar
C:\Users\lindx\.m2\repository\org\jef\jef-pinyin4j\2.5.0\jef-pinyin4j-2.5.0.jar
C:\Users\lindx\.m2\repository\javassist\javassist\3.8.1.GA\javassist-3.8.1.GA.jar
C:\Users\lindx\.m2\repository\org\apache\geronimo\specs\geronimo-jpa_2.0_spec\1.1\geronimo-jpa_2.0_spec-1.1.jar
C:\Users\lindx\.m2\repository\com\sun\jdmk\jmxtools\1.2.8\jmxtools-1.2.8.jar
C:\Users\lindx\.m2\repository\org\jboss\jboss-vfs\3.0.1.GA\jboss-vfs-3.0.1.GA.jar
C:\Users\lindx\.m2\repository\org\apache\commons\commons-lang3\3.1\commons-lang3-3.1.jar
C:\Users\lindx\.m2\repository\ailk\easyframe\common-net\1.8.0-RELEASE\common-net-1.8.0-RELEASE.jar
C:\Users\lindx\.m2\repository\jsch\jsch\0.1.49\jsch-0.1.49.jar
C:\Users\lindx\.m2\repository\org\jef\jai-imageio\1.0.0\jai-imageio-1.0.0.jar
C:\Users\lindx\.m2\repository\ailk\easyframe\common-sal\2.2.0-RELEASE\common-sal-2.2.0-RELEASE.jar
C:\Users\lindx\.m2\repository\ailk\easyframe\sal-aimdb\2.2.0-RELEASE\sal-aimdb-2.2.0-RELEASE.jar
C:\Users\lindx\.m2\repository\ailk\easyframe\common-message\2.2.0-RELEASE\common-message-2.2.0-RELEASE.jar
C:\Users\lindx\.m2\repository\org\easymock\easymock\3.1\easymock-3.1.jar
C:\Users\lindx\.m2\repository\cglib\cglib-nodep\2.2.2\cglib-nodep-2.2.2.jar
C:\Users\lindx\.m2\repository\org\objenesis\objenesis\1.2\objenesis-1.2.jar
C:\Users\lindx\.m2\repository\org\powermock\powermock-core\1.5\powermock-core-1.5.jar
C:\Users\lindx\.m2\repository\org\powermock\powermock-reflect\1.5\powermock-reflect-1.5.jar
C:\Users\lindx\.m2\repository\org\javassist\javassist\3.21.0-GA\javassist-3.21.0-GA.jar
C:\Users\lindx\.m2\repository\org\powermock\powermock-api-easymock\1.5\powermock-api-easymock-1.5.jar
C:\Users\lindx\.m2\repository\org\powermock\powermock-api-support\1.5\powermock-api-support-1.5.jar
C:\Users\lindx\.m2\repository\org\powermock\tests\powermock-tests-utils\1.5\powermock-tests-utils-1.5.jar
C:\Users\lindx\.m2\repository\ailk\easyframe\sal-boostdb\2.2.0-RELEASE\sal-boostdb-2.2.0-RELEASE.jar
C:\Users\lindx\.m2\repository\ailk\easyframe\cxf-rt-frontend-simple2\1.8.0-RELEASE\cxf-rt-frontend-simple2-1.8.0-RELEASE.jar
C:\Users\lindx\.m2\repository\ailk\easyframe\cxf-rt-databinding-jaxb2\1.8.0-RELEASE\cxf-rt-databinding-jaxb2-1.8.0-RELEASE.jar
C:\Users\lindx\.m2\repository\org\apache\aries\blueprint\org.apache.aries.blueprint.core\0.3.1\org.apache.aries.blueprint.core-0.3.1.jar
C:\Users\lindx\.m2\repository\org\apache\aries\blueprint\org.apache.aries.blueprint.api\0.3.1\org.apache.aries.blueprint.api-0.3.1.jar
C:\Users\lindx\.m2\repository\org\apache\aries\org.apache.aries.util\0.3\org.apache.aries.util-0.3.jar
C:\Users\lindx\.m2\repository\org\apache\aries\testsupport\org.apache.aries.testsupport.unit\0.3\org.apache.aries.testsupport.unit-0.3.jar
C:\Users\lindx\.m2\repository\org\apache\aries\proxy\org.apache.aries.proxy.api\0.3\org.apache.aries.proxy.api-0.3.jar
C:\Users\lindx\.m2\repository\org\apache\cxf\cxf-rt-bindings-xml\2.4.9\cxf-rt-bindings-xml-2.4.9.jar
C:\Users\lindx\.m2\repository\xml-resolver\xml-resolver\1.2\xml-resolver-1.2.jar
C:\Users\lindx\.m2\repository\org\apache\cxf\cxf-api\2.4.9\cxf-api-2.4.9.jar
C:\Users\lindx\.m2\repository\org\apache\cxf\cxf-common-utilities\2.4.9\cxf-common-utilities-2.4.9.jar
C:\Users\lindx\.m2\repository\org\codehaus\woodstox\woodstox-core-asl\4.1.4\woodstox-core-asl-4.1.4.jar
C:\Users\lindx\.m2\repository\org\codehaus\woodstox\stax2-api\3.1.1\stax2-api-3.1.1.jar
C:\Users\lindx\.m2\repository\org\apache\neethi\neethi\3.0.2\neethi-3.0.2.jar
C:\Users\lindx\.m2\repository\org\apache\cxf\cxf-rt-bindings-soap\2.4.9\cxf-rt-bindings-soap-2.4.9.jar
C:\Users\lindx\.m2\repository\org\apache\cxf\cxf-tools-common\2.4.9\cxf-tools-common-2.4.9.jar
C:\Users\lindx\.m2\repository\ailk\easyframe\jaxb-impl\1.8.0-RELEASE\jaxb-impl-1.8.0-RELEASE.jar
C:\Users\lindx\.m2\repository\easyframe\jaxb-xjc\2.2.1.1\jaxb-xjc-2.2.1.1.jar
C:\Users\lindx\.m2\repository\org\apache\cxf\cxf-rt-frontend-jaxws\2.4.9\cxf-rt-frontend-jaxws-2.4.9.jar
C:\Users\lindx\.m2\repository\asm\asm\3.3.1\asm-3.3.1.jar
C:\Users\lindx\.m2\repository\org\apache\cxf\cxf-rt-ws-addr\2.4.9\cxf-rt-ws-addr-2.4.9.jar
C:\Users\lindx\.m2\repository\org\apache\cxf\cxf-rt-core\2.4.9\cxf-rt-core-2.4.9.jar
C:\Users\lindx\.m2\repository\org\apache\ws\xmlschema\xmlschema-core\2.0.3\xmlschema-core-2.0.3.jar
C:\Users\lindx\.m2\repository\org\apache\geronimo\specs\geronimo-javamail_1.4_spec\1.7.1\geronimo-javamail_1.4_spec-1.7.1.jar
C:\Users\lindx\.m2\repository\org\apache\cxf\cxf-rt-transports-http\2.4.9\cxf-rt-transports-http-2.4.9.jar
C:\Users\lindx\.m2\repository\org\apache\cxf\cxf-rt-transports-common\2.4.9\cxf-rt-transports-common-2.4.9.jar
C:\Users\lindx\.m2\repository\org\apache\cxf\cxf-rt-transports-local\2.4.9\cxf-rt-transports-local-2.4.9.jar
C:\Users\lindx\.m2\repository\org\apache\geronimo\specs\geronimo-ws-metadata_2.0_spec\1.1.3\geronimo-ws-metadata_2.0_spec-1.1.3.jar
C:\Users\lindx\.m2\repository\org\apache\geronimo\specs\geronimo-jaxws_2.2_spec\1.0\geronimo-jaxws_2.2_spec-1.0.jar
C:\Users\lindx\.m2\repository\org\apache\geronimo\specs\geronimo-annotation_1.0_spec\1.1.1\geronimo-annotation_1.0_spec-1.1.1.jar
C:\Users\lindx\.m2\repository\org\springframework\spring-aop\4.3.13.RELEASE\spring-aop-4.3.13.RELEASE.jar
C:\Users\lindx\.m2\repository\org\springframework\spring-jdbc\4.3.13.RELEASE\spring-jdbc-4.3.13.RELEASE.jar
C:\Users\lindx\.m2\repository\org\springframework\spring-tx\4.3.13.RELEASE\spring-tx-4.3.13.RELEASE.jar
C:\Users\lindx\.m2\repository\org\springframework\spring-orm\4.3.13.RELEASE\spring-orm-4.3.13.RELEASE.jar
C:\Users\lindx\.m2\repository\org\springframework\security\spring-security-core\4.2.3.RELEASE\spring-security-core-4.2.3.RELEASE.jar
C:\Users\lindx\.m2\repository\org\aspectj\aspectjrt\1.8.13\aspectjrt-1.8.13.jar
C:\Users\lindx\.m2\repository\org\aspectj\aspectjweaver\1.8.13\aspectjweaver-1.8.13.jar
C:\Users\lindx\.m2\repository\cglib\cglib\2.2.2\cglib-2.2.2.jar
C:\Users\lindx\.m2\repository\com\experlog\xapool\1.6\xapool-1.6.jar
C:\Users\lindx\.m2\repository\org\springframework\security\spring-security-config\4.2.3.RELEASE\spring-security-config-4.2.3.RELEASE.jar
C:\Users\lindx\.m2\repository\org\springframework\security\spring-security-web\4.2.3.RELEASE\spring-security-web-4.2.3.RELEASE.jar
C:\Users\lindx\.m2\repository\org\springframework\security\spring-security-acl\4.2.3.RELEASE\spring-security-acl-4.2.3.RELEASE.jar
C:\Users\lindx\.m2\repository\org\springframework\security\spring-security-taglibs\4.2.3.RELEASE\spring-security-taglibs-4.2.3.RELEASE.jar
C:\Users\lindx\.m2\repository\ailk\easyframe\spring-cache\1.8.0-RELEASE\spring-cache-1.8.0-RELEASE.jar
C:\Users\lindx\.m2\repository\com\octo\captcha\jcaptcha-all\1.0-RC6\jcaptcha-all-1.0-RC6.jar
C:\Users\lindx\.m2\repository\commons-collections\commons-collections\3.2.2\commons-collections-3.2.2.jar
C:\Users\lindx\.m2\repository\concurrent\concurrent\1.3.4\concurrent-1.3.4.jar
C:\Users\lindx\.m2\repository\com\ailk\dbm2\junit-perf\0.0.1-SNAPSHOT\junit-perf-0.0.1-SNAPSHOT.jar
C:\Users\lindx\.m2\repository\org\springframework\spring-test\4.3.13.RELEASE\spring-test-4.3.13.RELEASE.jar
C:\Users\lindx\.m2\repository\ailk\easyframe\dsc-binder\2.2.0-RELEASE\dsc-binder-2.2.0-RELEASE.jar
C:\Users\lindx\.m2\repository\ailk\easyframe\0-log4j-property\1.1-SNAPSHOT\0-log4j-property-1.1-SNAPSHOT.jar
C:\Users\lindx\.m2\repository\ailk\easyframe\dsc-worker\2.2.0-RELEASE\dsc-worker-2.2.0-RELEASE.jar
C:\Users\lindx\.m2\repository\ailk\easyframe\dsc-kpi\2.2.0-RELEASE\dsc-kpi-2.2.0-RELEASE.jar
C:\Users\lindx\.m2\repository\ailk\easyframe\common-route\2.2.0-RELEASE\common-route-2.2.0-RELEASE.jar
C:\Users\lindx\.m2\repository\ailk\easyframe\dsc-sc\2.2.0-RELEASE\dsc-sc-2.2.0-RELEASE.jar
C:\Users\lindx\.m2\repository\ailk\easyframe\dsc-base\2.2.0-RELEASE\dsc-base-2.2.0-RELEASE.jar
C:\Users\lindx\.m2\repository\ailk\easyframe\dsc-ss\2.2.0-RELEASE\dsc-ss-2.2.0-RELEASE.jar
C:\Users\lindx\.m2\repository\org\apache\curator\curator-x-discovery\2.8.0\curator-x-discovery-2.8.0.jar
C:\Users\lindx\.m2\repository\org\apache\curator\curator-recipes\2.8.0\curator-recipes-2.8.0.jar
C:\Users\lindx\.m2\repository\org\apache\curator\curator-framework\2.8.0\curator-framework-2.8.0.jar
C:\Users\lindx\.m2\repository\org\apache\curator\curator-client\2.8.0\curator-client-2.8.0.jar
C:\Users\lindx\.m2\repository\org\codehaus\jackson\jackson-mapper-asl\1.9.13\jackson-mapper-asl-1.9.13.jar
C:\Users\lindx\.m2\repository\org\codehaus\jackson\jackson-core-asl\1.9.13\jackson-core-asl-1.9.13.jar
C:\Users\lindx\.m2\repository\ailk\easyframe\common-sdl\2.2.0-RELEASE\common-sdl-2.2.0-RELEASE.jar
C:\Users\lindx\.m2\repository\com\ai\mq\mq-client\0.0.1-SNAPSHOT\mq-client-0.0.1-SNAPSHOT.jar
C:\Users\lindx\.m2\repository\com\rabbitmq\amqp-client\3.5.3\amqp-client-3.5.3.jar
H:\Java\jdk1.8.0_51\lib\tools.jar
C:\Users\lindx\.m2\repository\gnu\getopt\java-getopt\1.0.13\java-getopt-1.0.13.jar
C:\Users\lindx\.m2\repository\ailk\easyframe\privilege-support\2.2.0-RELEASE\privilege-support-2.2.0-RELEASE.jar
C:\Users\lindx\.m2\repository\ailk\easyframe\common-orm\2.2.0-RELEASE\common-orm-2.2.0-RELEASE.jar
C:\Users\lindx\.m2\repository\ailk\easyframe\common-core\2.2.0-RELEASE\common-core-2.2.0-RELEASE.jar
C:\Users\lindx\.m2\repository\com\ai\security\security\1.0\security-1.0.jar
C:\Users\lindx\.m2\repository\org\bouncycastle\bcprov-jdk15on\1.54\bcprov-jdk15on-1.54.jar
C:\Users\lindx\.m2\repository\com\google\code\javaparser\javaparser\1.0.8\javaparser-1.0.8.jar
C:\Users\lindx\.m2\repository\org\eclipse\jdt\core\compiler\ecj\4.3.1\ecj-4.3.1.jar
C:\Users\lindx\.m2\repository\org\jef\jef-jasper\1.0.0\jef-jasper-1.0.0.jar
C:\Users\lindx\.m2\repository\org\jef\xml-apis\2.0.2\xml-apis-2.0.2.jar
C:\Users\lindx\.m2\repository\javax\servlet\jsp\jsp-api\2.1\jsp-api-2.1.jar
C:\Users\lindx\.m2\repository\javax\servlet\servlet-api\2.5\servlet-api-2.5.jar
C:\Users\lindx\.m2\repository\commons-lang\commons-lang\2.5\commons-lang-2.5.jar
C:\Users\lindx\.m2\repository\commons-fileupload\commons-fileupload\1.2.2\commons-fileupload-1.2.2.jar
C:\Users\lindx\.m2\repository\org\apache\commons\commons-compress\1.1\commons-compress-1.1.jar
C:\Users\lindx\.m2\repository\commons-net\commons-net\2.2\commons-net-2.2.jar
C:\Users\lindx\.m2\repository\org\apache\geronimo\bundles\commons-httpclient\3.1_1\commons-httpclient-3.1_1.jar
C:\Users\lindx\.m2\repository\commons-io\commons-io\1.3.2\commons-io-1.3.2.jar
C:\Users\lindx\.m2\repository\ailk\dbm\soapui\1.0.0\soapui-1.0.0.jar
C:\Users\lindx\.m2\repository\ailk\dbm\soapui-xmlbeans\1.0.0\soapui-xmlbeans-1.0.0.jar
C:\Users\lindx\.m2\repository\com\thoughtworks\xstream\xstream\1.4.2\xstream-1.4.2.jar
C:\Users\lindx\.m2\repository\xmlpull\xmlpull\1.1.3.1\xmlpull-1.1.3.1.jar
C:\Users\lindx\.m2\repository\xpp3\xpp3_min\1.1.4c\xpp3_min-1.1.4c.jar
C:\Users\lindx\.m2\repository\wsdl4j\wsdl4j\1.6.2\wsdl4j-1.6.2.jar
C:\Users\lindx\.m2\repository\org\apache\geronimo\specs\geronimo-jta_1.1_spec\1.1.1\geronimo-jta_1.1_spec-1.1.1.jar
C:\Users\lindx\.m2\repository\xom\xom\1.2.5\xom-1.2.5.jar
C:\Users\lindx\.m2\repository\xalan\xalan\2.7.0\xalan-2.7.0.jar
C:\Users\lindx\.m2\repository\ant-contrib\ant-contrib\1.0b2\ant-contrib-1.0b2.jar
C:\Users\lindx\.m2\repository\ant\ant\1.5\ant-1.5.jar
C:\Users\lindx\.m2\repository\redis\clients\jedis\2.0.0\jedis-2.0.0.jar
C:\Users\lindx\.m2\repository\commons-pool\commons-pool\1.6\commons-pool-1.6.jar
C:\Users\lindx\.m2\repository\org\slf4j\slf4j-log4j12\1.6.1\slf4j-log4j12-1.6.1.jar
C:\Users\lindx\.m2\repository\org\slf4j\slf4j-api\1.7.25\slf4j-api-1.7.25.jar
C:\Users\lindx\.m2\repository\net\sf\jsqlparser\jsqlparser\0.7.0\jsqlparser-0.7.0.jar
C:\Users\lindx\.m2\repository\org\quartz-scheduler\quartz\2.3.0\quartz-2.3.0.jar
C:\Users\lindx\.m2\repository\com\mchange\c3p0\0.9.5.2\c3p0-0.9.5.2.jar
C:\Users\lindx\.m2\repository\com\mchange\mchange-commons-java\0.2.11\mchange-commons-java-0.2.11.jar
C:\Users\lindx\.m2\repository\com\zaxxer\HikariCP-java6\2.3.13\HikariCP-java6-2.3.13.jar
C:\Users\lindx\.m2\repository\mx4j\mx4j-tools\3.0.1\mx4j-tools-3.0.1.jar
C:\Users\lindx\.m2\repository\flex\flex-messaging-common\3.0.0.544\flex-messaging-common-3.0.0.544.jar
C:\Users\lindx\.m2\repository\flex\flex-messaging-core\3.0.0.544\flex-messaging-core-3.0.0.544.jar
C:\Users\lindx\.m2\repository\dom4j\dom4j\1.6.1\dom4j-1.6.1.jar
C:\Users\lindx\.m2\repository\jaxen\jaxen\1.1.1\jaxen-1.1.1.jar
C:\Users\lindx\.m2\repository\jdom\jdom\1.0\jdom-1.0.jar
C:\Users\lindx\.m2\repository\ailk\dbm\jxl\1.0.0\jxl-1.0.0.jar
C:\Users\lindx\.m2\repository\org\apache\poi\poi\3.9\poi-3.9.jar
C:\Users\lindx\.m2\repository\commons-codec\commons-codec\1.10\commons-codec-1.10.jar
C:\Users\lindx\.m2\repository\org\apache\poi\poi-ooxml\3.9\poi-ooxml-3.9.jar
C:\Users\lindx\.m2\repository\org\apache\poi\poi-ooxml-schemas\3.9\poi-ooxml-schemas-3.9.jar
C:\Users\lindx\.m2\repository\com\googlecode\ehcache-spring-annotations\ehcache-spring-annotations\1.2.0\ehcache-spring-annotations-1.2.0.jar
C:\Users\lindx\.m2\repository\aopalliance\aopalliance\1.0\aopalliance-1.0.jar
C:\Users\lindx\.m2\repository\com\google\guava\guava\r09\guava-r09.jar
C:\Users\lindx\.m2\repository\org\springframework\spring-expression\4.3.13.RELEASE\spring-expression-4.3.13.RELEASE.jar
C:\Users\lindx\.m2\repository\net\sf\ehcache\ehcache-core\2.4.5\ehcache-core-2.4.5.jar
C:\Users\lindx\.m2\repository\com\ailk\p6spy\1.4.ailk\p6spy-1.4.ailk.jar
C:\Users\lindx\.m2\repository\com\ailk\crm\sso-client\2.0-rm-snapshot\sso-client-2.0-rm-snapshot.jar
C:\Users\lindx\.m2\repository\com\ailk\crm\aisecurity\1.6-rm-snapshot\aisecurity-1.6-rm-snapshot.jar
C:\Users\lindx\.m2\repository\com\ailk\crm\jackson-all\1.9.5\jackson-all-1.9.5.jar
C:\Users\lindx\.m2\repository\ailk\easyframe\ts_java\1.8.6-RELEASE\ts_java-1.8.6-RELEASE.jar
C:\Users\lindx\.m2\repository\com\ailk\dbe\nr\0.0.1-SNAPSHOT\nr-0.0.1-SNAPSHOT.jar
C:\Users\lindx\.m2\repository\org\apache\mina\mina-core\2.0.4\mina-core-2.0.4.jar
C:\Users\lindx\.m2\repository\org\iq80\snappy\snappy\0.2-SNAPSHOT\snappy-0.2-SNAPSHOT.jar
C:\Users\lindx\.m2\repository\com\ailk\sysmgnt\ws\sysmgnt-ws\2.0-SNAPSHOT\sysmgnt-ws-2.0-SNAPSHOT.jar
C:\Users\lindx\.m2\repository\net\sf\json-lib\json-lib\2.4\json-lib-2.4-jdk15.jar
C:\Users\lindx\.m2\repository\net\sf\ezmorph\ezmorph\1.0.6\ezmorph-1.0.6.jar
C:\Users\lindx\.m2\repository\com\ailk\dsm-common\2.0.0-SNAPSHOT\dsm-common-2.0.0-SNAPSHOT.jar
C:\Users\lindx\.m2\repository\com\ailk\dsm-sdl\2.0.0-SNAPSHOT\dsm-sdl-2.0.0-SNAPSHOT.jar
C:\Users\lindx\.m2\repository\ailk\easyframe\log4j-aiext\1.7.5-RELEASE\log4j-aiext-1.7.5-RELEASE.jar
C:\Users\lindx\.m2\repository\commons-cli\commons-cli\1.2\commons-cli-1.2.jar
C:\Users\lindx\.m2\repository\org\jvnet\hudson\ganymed-ssh2\build210-hudson-1\ganymed-ssh2-build210-hudson-1.jar
C:\Users\lindx\.m2\repository\org\hamcrest\hamcrest-all\1.3\hamcrest-all-1.3.jar
C:\Users\lindx\.m2\repository\mysql\mysql-connector-java\5.1.25\mysql-connector-java-5.1.25.jar
C:\Users\lindx\.m2\repository\net\sf\jasperreports\jasperreports\5.6.1\jasperreports-5.6.1.jar
C:\Users\lindx\.m2\repository\commons-beanutils\commons-beanutils\1.9.3\commons-beanutils-1.9.3.jar
C:\Users\lindx\.m2\repository\commons-digester\commons-digester\2.1\commons-digester-2.1.jar
C:\Users\lindx\.m2\repository\commons-logging\commons-logging\1.1.1\commons-logging-1.1.1.jar
C:\Users\lindx\.m2\repository\com\lowagie\itext\2.1.7.js2\itext-2.1.7.js2.jar
C:\Users\lindx\.m2\repository\jfree\jcommon\1.0.15\jcommon-1.0.15.jar
C:\Users\lindx\.m2\repository\jfree\jfreechart\1.0.12\jfreechart-1.0.12.jar
C:\Users\lindx\.m2\repository\eclipse\jdtcore\3.1.0\jdtcore-3.1.0.jar
C:\Users\lindx\.m2\repository\org\codehaus\castor\castor\1.2\castor-1.2.jar
C:\Users\lindx\.m2\repository\com\fasterxml\jackson\core\jackson-core\2.8.10\jackson-core-2.8.10.jar
C:\Users\lindx\.m2\repository\com\fasterxml\jackson\core\jackson-annotations\2.8.0\jackson-annotations-2.8.0.jar
C:\Users\lindx\.m2\repository\org\apache\lucene\lucene-core\4.5.1\lucene-core-4.5.1.jar
C:\Users\lindx\.m2\repository\org\apache\lucene\lucene-analyzers-common\4.5.1\lucene-analyzers-common-4.5.1.jar
C:\Users\lindx\.m2\repository\org\apache\lucene\lucene-queryparser\4.5.1\lucene-queryparser-4.5.1.jar
C:\Users\lindx\.m2\repository\org\apache\lucene\lucene-queries\4.5.1\lucene-queries-4.5.1.jar
C:\Users\lindx\.m2\repository\org\apache\lucene\lucene-sandbox\4.5.1\lucene-sandbox-4.5.1.jar
C:\Users\lindx\.m2\repository\jakarta-regexp\jakarta-regexp\1.4\jakarta-regexp-1.4.jar
C:\Users\lindx\.m2\repository\org\olap4j\olap4j\0.9.7.309-JS-3\olap4j-0.9.7.309-JS-3.jar
C:\Users\lindx\.m2\repository\groovy\groovy-all\1.8.0\groovy-all-1.8.0.jar
C:\Users\lindx\.m2\repository\com\lowagie\itextasiancmaps\1.0\itextasiancmaps-1.0.jar
C:\Users\lindx\.m2\repository\com\lowagie\itextasian\1.0\itextasian-1.0.jar
C:\Users\lindx\.m2\repository\javax\ejb-api\3.0.1\ejb-api-3.0.1.jar
C:\Users\lindx\.m2\repository\javax\ejb-interceptor\1.0\ejb-interceptor-1.0.jar
C:\Users\lindx\.m2\repository\xerces\xerces\3.0.0\xerces-3.0.0.jar
C:\Users\lindx\.m2\repository\org\apache\geronimo\specs\geronimo-stax-api_1.0_spec\1.0.1\geronimo-stax-api_1.0_spec-1.0.1.jar
C:\Users\lindx\.m2\repository\com\oracle\ojdbc5\1.0\ojdbc5-1.0.jar
C:\Users\lindx\.m2\repository\com\ailk\so\jobmanager2\wsintf\jobWsClient\1.0.1-SNAPSHOT\jobWsClient-1.0.1-SNAPSHOT.jar
C:\Users\lindx\.m2\repository\junit\junit\4.8.2\junit-4.8.2.jar
H:\Java\jdk1.8.0_51\jre\..\lib\tools.jar